2022-04-18 09:16:04.183  INFO 39777 --- [Thread-5] o.s.s.concurrent.ThreadPoolTaskExecutor  : Shutting down ExecutorService 'applicationTaskExecutor'
2022-04-18 09:16:04.232  INFO 39777 --- [restartedMain] org.gcu.uspeed.USpeedApplication         : Starting USpeedApplication using Java 17.0.1 on Anthonys-MacBook-Pro.local with PID 39777 (/Users/anthony/Documents/STS_Workspace/USpeed/target/classes started by anthony in /Users/anthony/Documents/STS_Workspace/USpeed)
2022-04-18 09:16:04.232  INFO 39777 --- [restartedMain] org.gcu.uspeed.USpeedApplication         : No active profile set, falling back to default profiles: default
2022-04-18 09:16:04.321  INFO 39777 --- [restartedMain] o.s.b.w.embedded.tomcat.TomcatWebServer  : Tomcat initialized with port(s): 8080 (http)
2022-04-18 09:16:04.321  INFO 39777 --- [restartedMain] o.apache.catalina.core.StandardService   : Starting service [Tomcat]
2022-04-18 09:16:04.321  INFO 39777 --- [restartedMain] org.apache.catalina.core.StandardEngine  : Starting Servlet engine: [Apache Tomcat/9.0.41]
2022-04-18 09:16:04.325  INFO 39777 --- [restartedMain] o.a.c.c.C.[Tomcat].[localhost].[/]       : Initializing Spring embedded WebApplicationContext
2022-04-18 09:16:04.325  INFO 39777 --- [restartedMain] w.s.c.ServletWebServerApplicationContext : Root WebApplicationContext: initialization completed in 91 ms
2022-04-18 09:16:04.356  INFO 39777 --- [restartedMain] o.s.s.concurrent.ThreadPoolTaskExecutor  : Initializing ExecutorService 'applicationTaskExecutor'
2022-04-18 09:16:04.384  INFO 39777 --- [restartedMain] o.s.b.d.a.OptionalLiveReloadServer       : LiveReload server is running on port 35729
2022-04-18 09:16:04.392  INFO 39777 --- [restartedMain] o.s.b.w.embedded.tomcat.TomcatWebServer  : Tomcat started on port(s): 8080 (http) with context path ''
2022-04-18 09:16:04.394  INFO 39777 --- [restartedMain] org.gcu.uspeed.USpeedApplication         : Started USpeedApplication in 0.175 seconds (JVM running for 25418.733)
2022-04-18 09:16:04.394  INFO 39777 --- [restartedMain] .ConditionEvaluationDeltaLoggingListener : Condition evaluation unchanged
2022-04-18 09:16:22.223  INFO 39777 --- [http-nio-8080-exec-1] o.a.c.c.C.[Tomcat].[localhost].[/]       : Initializing Spring DispatcherServlet 'dispatcherServlet'
2022-04-18 09:16:22.223  INFO 39777 --- [http-nio-8080-exec-1] o.s.web.servlet.DispatcherServlet        : Initializing Servlet 'dispatcherServlet'
2022-04-18 09:16:22.224  INFO 39777 --- [http-nio-8080-exec-1] o.s.web.servlet.DispatcherServlet        : Completed initialization in 0 ms
2022-04-18 09:38:56.324  INFO 39777 --- [Thread-8] o.s.s.concurrent.ThreadPoolTaskExecutor  : Shutting down ExecutorService 'applicationTaskExecutor'
2022-04-18 09:38:56.369  INFO 39777 --- [restartedMain] org.gcu.uspeed.USpeedApplication         : Starting USpeedApplication using Java 17.0.1 on Anthonys-MacBook-Pro.local with PID 39777 (/Users/anthony/Documents/STS_Workspace/USpeed/target/classes started by anthony in /Users/anthony/Documents/STS_Workspace/USpeed)
2022-04-18 09:38:56.369  INFO 39777 --- [restartedMain] org.gcu.uspeed.USpeedApplication         : No active profile set, falling back to default profiles: default
2022-04-18 09:38:56.449  INFO 39777 --- [restartedMain] o.s.b.w.embedded.tomcat.TomcatWebServer  : Tomcat initialized with port(s): 8080 (http)
2022-04-18 09:38:56.450  INFO 39777 --- [restartedMain] o.apache.catalina.core.StandardService   : Starting service [Tomcat]
2022-04-18 09:38:56.450  INFO 39777 --- [restartedMain] org.apache.catalina.core.StandardEngine  : Starting Servlet engine: [Apache Tomcat/9.0.41]
2022-04-18 09:38:56.453  INFO 39777 --- [restartedMain] o.a.c.c.C.[Tomcat].[localhost].[/]       : Initializing Spring embedded WebApplicationContext
2022-04-18 09:38:56.453  INFO 39777 --- [restartedMain] w.s.c.ServletWebServerApplicationContext : Root WebApplicationContext: initialization completed in 83 ms
2022-04-18 09:38:56.480  INFO 39777 --- [restartedMain] o.s.s.concurrent.ThreadPoolTaskExecutor  : Initializing ExecutorService 'applicationTaskExecutor'
2022-04-18 09:38:56.505  INFO 39777 --- [restartedMain] o.s.b.d.a.OptionalLiveReloadServer       : LiveReload server is running on port 35729
2022-04-18 09:38:56.510  INFO 39777 --- [restartedMain] o.s.b.w.embedded.tomcat.TomcatWebServer  : Tomcat started on port(s): 8080 (http) with context path ''
2022-04-18 09:38:56.512  INFO 39777 --- [restartedMain] org.gcu.uspeed.USpeedApplication         : Started USpeedApplication in 0.155 seconds (JVM running for 25823.715)
2022-04-18 09:38:56.512  INFO 39777 --- [restartedMain] .ConditionEvaluationDeltaLoggingListener : Condition evaluation unchanged
2022-04-18 09:39:03.980  INFO 39777 --- [http-nio-8080-exec-1] o.a.c.c.C.[Tomcat].[localhost].[/]       : Initializing Spring DispatcherServlet 'dispatcherServlet'
2022-04-18 09:39:03.981  INFO 39777 --- [http-nio-8080-exec-1] o.s.web.servlet.DispatcherServlet        : Initializing Servlet 'dispatcherServlet'
2022-04-18 09:39:03.982  INFO 39777 --- [http-nio-8080-exec-1] o.s.web.servlet.DispatcherServlet        : Completed initialization in 1 ms
2022-04-18 09:40:14.043  INFO 39777 --- [Thread-13] o.s.s.concurrent.ThreadPoolTaskExecutor  : Shutting down ExecutorService 'applicationTaskExecutor'
2022-04-18 09:40:14.088  INFO 39777 --- [restartedMain] org.gcu.uspeed.USpeedApplication         : Starting USpeedApplication using Java 17.0.1 on Anthonys-MacBook-Pro.local with PID 39777 (/Users/anthony/Documents/STS_Workspace/USpeed/target/classes started by anthony in /Users/anthony/Documents/STS_Workspace/USpeed)
2022-04-18 09:40:14.088  INFO 39777 --- [restartedMain] org.gcu.uspeed.USpeedApplication         : No active profile set, falling back to default profiles: default
2022-04-18 09:40:14.158  INFO 39777 --- [restartedMain] o.s.b.w.embedded.tomcat.TomcatWebServer  : Tomcat initialized with port(s): 8080 (http)
2022-04-18 09:40:14.159  INFO 39777 --- [restartedMain] o.apache.catalina.core.StandardService   : Starting service [Tomcat]
2022-04-18 09:40:14.159  INFO 39777 --- [restartedMain] org.apache.catalina.core.StandardEngine  : Starting Servlet engine: [Apache Tomcat/9.0.41]
2022-04-18 09:40:14.162  INFO 39777 --- [restartedMain] o.a.c.c.C.[Tomcat].[localhost].[/]       : Initializing Spring embedded WebApplicationContext
2022-04-18 09:40:14.162  INFO 39777 --- [restartedMain] w.s.c.ServletWebServerApplicationContext : Root WebApplicationContext: initialization completed in 73 ms
2022-04-18 09:40:14.187  INFO 39777 --- [restartedMain] o.s.s.concurrent.ThreadPoolTaskExecutor  : Initializing ExecutorService 'applicationTaskExecutor'
2022-04-18 09:40:14.210  INFO 39777 --- [restartedMain] o.s.b.d.a.OptionalLiveReloadServer       : LiveReload server is running on port 35729
2022-04-18 09:40:14.214  INFO 39777 --- [restartedMain] o.s.b.w.embedded.tomcat.TomcatWebServer  : Tomcat started on port(s): 8080 (http) with context path ''
2022-04-18 09:40:14.216  INFO 39777 --- [restartedMain] org.gcu.uspeed.USpeedApplication         : Started USpeedApplication in 0.14 seconds (JVM running for 25894.491)
2022-04-18 09:40:14.216  INFO 39777 --- [restartedMain] .ConditionEvaluationDeltaLoggingListener : Condition evaluation unchanged
2022-04-18 10:01:17.843  INFO 39777 --- [Thread-18] o.s.s.concurrent.ThreadPoolTaskExecutor  : Shutting down ExecutorService 'applicationTaskExecutor'
2022-04-18 10:01:17.875  INFO 39777 --- [restartedMain] org.gcu.uspeed.USpeedApplication         : Starting USpeedApplication using Java 17.0.1 on Anthonys-MacBook-Pro.local with PID 39777 (/Users/anthony/Documents/STS_Workspace/USpeed/target/classes started by anthony in /Users/anthony/Documents/STS_Workspace/USpeed)
2022-04-18 10:01:17.875  INFO 39777 --- [restartedMain] org.gcu.uspeed.USpeedApplication         : No active profile set, falling back to default profiles: default
2022-04-18 10:01:17.941  INFO 39777 --- [restartedMain] o.s.b.w.embedded.tomcat.TomcatWebServer  : Tomcat initialized with port(s): 8080 (http)
2022-04-18 10:01:17.941  INFO 39777 --- [restartedMain] o.apache.catalina.core.StandardService   : Starting service [Tomcat]
2022-04-18 10:01:17.941  INFO 39777 --- [restartedMain] org.apache.catalina.core.StandardEngine  : Starting Servlet engine: [Apache Tomcat/9.0.41]
2022-04-18 10:01:17.944  INFO 39777 --- [restartedMain] o.a.c.c.C.[Tomcat].[localhost].[/]       : Initializing Spring embedded WebApplicationContext
2022-04-18 10:01:17.944  INFO 39777 --- [restartedMain] w.s.c.ServletWebServerApplicationContext : Root WebApplicationContext: initialization completed in 68 ms
2022-04-18 10:01:17.969  INFO 39777 --- [restartedMain] o.s.s.concurrent.ThreadPoolTaskExecutor  : Initializing ExecutorService 'applicationTaskExecutor'
2022-04-18 10:01:17.988  INFO 39777 --- [restartedMain] o.s.b.d.a.OptionalLiveReloadServer       : LiveReload server is running on port 35729
2022-04-18 10:01:17.992  INFO 39777 --- [restartedMain] o.s.b.w.embedded.tomcat.TomcatWebServer  : Tomcat started on port(s): 8080 (http) with context path ''
2022-04-18 10:01:17.994  INFO 39777 --- [restartedMain] org.gcu.uspeed.USpeedApplication         : Started USpeedApplication in 0.129 seconds (JVM running for 26568.679)
2022-04-18 10:01:17.994  INFO 39777 --- [restartedMain] .ConditionEvaluationDeltaLoggingListener : Condition evaluation unchanged
2022-04-18 10:02:22.342  INFO 39777 --- [Thread-23] o.s.s.concurrent.ThreadPoolTaskExecutor  : Shutting down ExecutorService 'applicationTaskExecutor'
2022-04-18 10:02:22.388  INFO 39777 --- [restartedMain] org.gcu.uspeed.USpeedApplication         : Starting USpeedApplication using Java 17.0.1 on Anthonys-MacBook-Pro.local with PID 39777 (/Users/anthony/Documents/STS_Workspace/USpeed/target/classes started by anthony in /Users/anthony/Documents/STS_Workspace/USpeed)
2022-04-18 10:02:22.388  INFO 39777 --- [restartedMain] org.gcu.uspeed.USpeedApplication         : No active profile set, falling back to default profiles: default
2022-04-18 10:02:22.452  INFO 39777 --- [restartedMain] o.s.b.w.embedded.tomcat.TomcatWebServer  : Tomcat initialized with port(s): 8080 (http)
2022-04-18 10:02:22.453  INFO 39777 --- [restartedMain] o.apache.catalina.core.StandardService   : Starting service [Tomcat]
2022-04-18 10:02:22.453  INFO 39777 --- [restartedMain] org.apache.catalina.core.StandardEngine  : Starting Servlet engine: [Apache Tomcat/9.0.41]
2022-04-18 10:02:22.456  INFO 39777 --- [restartedMain] o.a.c.c.C.[Tomcat].[localhost].[/]       : Initializing Spring embedded WebApplicationContext
2022-04-18 10:02:22.456  INFO 39777 --- [restartedMain] w.s.c.ServletWebServerApplicationContext : Root WebApplicationContext: initialization completed in 67 ms
2022-04-18 10:02:22.478  INFO 39777 --- [restartedMain] o.s.s.concurrent.ThreadPoolTaskExecutor  : Initializing ExecutorService 'applicationTaskExecutor'
2022-04-18 10:02:22.496  INFO 39777 --- [restartedMain] o.s.b.d.a.OptionalLiveReloadServer       : LiveReload server is running on port 35729
2022-04-18 10:02:22.500  INFO 39777 --- [restartedMain] o.s.b.w.embedded.tomcat.TomcatWebServer  : Tomcat started on port(s): 8080 (http) with context path ''
2022-04-18 10:02:22.502  INFO 39777 --- [restartedMain] org.gcu.uspeed.USpeedApplication         : Started USpeedApplication in 0.124 seconds (JVM running for 26633.188)
2022-04-18 10:02:22.502  INFO 39777 --- [restartedMain] .ConditionEvaluationDeltaLoggingListener : Condition evaluation unchanged
2022-04-18 10:02:41.160  INFO 39777 --- [Thread-28] o.s.s.concurrent.ThreadPoolTaskExecutor  : Shutting down ExecutorService 'applicationTaskExecutor'
2022-04-18 10:02:41.366  INFO 39777 --- [restartedMain] org.gcu.uspeed.USpeedApplication         : Starting USpeedApplication using Java 17.0.1 on Anthonys-MacBook-Pro.local with PID 39777 (/Users/anthony/Documents/STS_Workspace/USpeed/target/classes started by anthony in /Users/anthony/Documents/STS_Workspace/USpeed)
2022-04-18 10:02:41.366  INFO 39777 --- [restartedMain] org.gcu.uspeed.USpeedApplication         : No active profile set, falling back to default profiles: default
2022-04-18 10:02:41.432  INFO 39777 --- [restartedMain] o.s.b.w.embedded.tomcat.TomcatWebServer  : Tomcat initialized with port(s): 8080 (http)
2022-04-18 10:02:41.432  INFO 39777 --- [restartedMain] o.apache.catalina.core.StandardService   : Starting service [Tomcat]
2022-04-18 10:02:41.432  INFO 39777 --- [restartedMain] org.apache.catalina.core.StandardEngine  : Starting Servlet engine: [Apache Tomcat/9.0.41]
2022-04-18 10:02:41.435  INFO 39777 --- [restartedMain] o.a.c.c.C.[Tomcat].[localhost].[/]       : Initializing Spring embedded WebApplicationContext
2022-04-18 10:02:41.435  INFO 39777 --- [restartedMain] w.s.c.ServletWebServerApplicationContext : Root WebApplicationContext: initialization completed in 68 ms
2022-04-18 10:02:41.456  INFO 39777 --- [restartedMain] o.s.s.concurrent.ThreadPoolTaskExecutor  : Initializing ExecutorService 'applicationTaskExecutor'
2022-04-18 10:02:41.475  INFO 39777 --- [restartedMain] o.s.b.d.a.OptionalLiveReloadServer       : LiveReload server is running on port 35729
2022-04-18 10:02:41.479  INFO 39777 --- [restartedMain] o.s.b.w.embedded.tomcat.TomcatWebServer  : Tomcat started on port(s): 8080 (http) with context path ''
2022-04-18 10:02:41.481  INFO 39777 --- [restartedMain] org.gcu.uspeed.USpeedApplication         : Started USpeedApplication in 0.296 seconds (JVM running for 26652.168)
2022-04-18 10:02:41.481  INFO 39777 --- [restartedMain] .ConditionEvaluationDeltaLoggingListener : Condition evaluation unchanged
2022-04-18 10:02:46.367  INFO 39777 --- [http-nio-8080-exec-2] o.a.c.c.C.[Tomcat].[localhost].[/]       : Initializing Spring DispatcherServlet 'dispatcherServlet'
2022-04-18 10:02:46.368  INFO 39777 --- [http-nio-8080-exec-2] o.s.web.servlet.DispatcherServlet        : Initializing Servlet 'dispatcherServlet'
2022-04-18 10:02:46.370  INFO 39777 --- [http-nio-8080-exec-2] o.s.web.servlet.DispatcherServlet        : Completed initialization in 2 ms
